[2022-03-15 20:44:13,230] Precondition - Open Aspire website
[2022-03-15 20:44:16,031] Precondition - Enter to Email textbox with valueuser@aspireapp.com
[2022-03-15 20:44:16,175] Precondition - Enter to Password textbox with value@sp1r3app
[2022-03-15 20:44:16,364] Precondition - Click to login button
[2022-03-15 20:45:43,829] Precondition - Open Aspire website
[2022-03-15 20:45:46,568] Precondition - Enter to Email textbox with valueuser@aspireapp.com
[2022-03-15 20:45:46,711] Precondition - Enter to Password textbox with value@sp1r3app
[2022-03-15 20:45:46,874] Precondition - Click to login button
[2022-03-15 20:45:48,509] Test1
[2022-03-15 20:45:48,511]  -------------------------- FAILED -------------------------- 
[2022-03-15 20:45:48,512] Test2
[2022-03-15 20:45:48,512]  -------------------------- PASSED -------------------------- 
[2022-03-15 20:49:35,132] Precondition - Open Aspire website
[2022-03-15 20:49:37,507] Precondition - Enter to Email textbox with valueuser@aspireapp.com
[2022-03-15 20:49:37,651] Precondition - Enter to Password textbox with value@sp1r3app
[2022-03-15 20:49:37,847] Precondition - Click to login button
[2022-03-15 20:49:39,207] Test1
[2022-03-15 20:49:39,208]  -------------------------- FAILED -------------------------- 
[2022-03-15 20:49:39,210] Test2
[2022-03-15 20:49:39,210]  -------------------------- PASSED -------------------------- 
[2022-03-15 20:50:49,132] Precondition - Open Aspire website
[2022-03-15 20:50:51,492] Precondition - Enter to Email textbox with valueuser@aspireapp.com
[2022-03-15 20:50:51,664] Precondition - Enter to Password textbox with value@sp1r3app
[2022-03-15 20:50:51,784] Precondition - Click to login button
[2022-03-15 20:50:53,335] Test1
[2022-03-15 20:50:53,337]  -------------------------- FAILED -------------------------- 
[2022-03-15 20:50:53,338] Test2
[2022-03-15 20:50:53,338]  -------------------------- PASSED -------------------------- 
[2022-03-15 21:51:03,150] Precondition - Step 01: Open Aspire website
[2022-03-15 21:51:06,361] Precondition - Step 02: Enter to 'Email' textbox with valueuser@aspireapp.com
[2022-03-15 21:51:06,497] Precondition - Step 03: Enter to 'Password' textbox with value@sp1r3app
[2022-03-15 21:51:06,645] Precondition - Step 04: Click to 'login' button
[2022-03-15 21:51:07,822] Create Product - Step 01: Click to 'Inventory feature' link
[2022-03-15 21:51:08,242] Create Product - Step 02: Click to 'Products' Menu
[2022-03-15 21:51:08,582] Create Product - Step 03: Click to 'Products' Sub Menu
[2022-03-15 21:51:08,662] Create Product - Step 04: Click to 'Create' button at Products Page
[2022-03-15 21:51:09,274] Create Product - Step 05: Enter to 'Product Name' textbox with valuehotdog643
[2022-03-15 21:51:10,592] Create Product - Step 06: Click to 'Update Quantity' button
[2022-03-15 21:51:10,698] Create Product - Step 07: Click to 'Create' button at Update Quantity Page
[2022-03-15 21:51:11,859] Create Product - Step 08: Enter to 'Counted Quantity' textbox with value50
[2022-03-15 21:51:12,109] Create Product - Step 09: Click to 'Save' button at Update Quantity Page
[2022-03-15 21:51:12,185] Create Product - Step 10: Click to Create button
[2022-03-16 00:29:35,462] Precondition - Step 01: Open Aspire website
[2022-03-16 00:33:13,897] Precondition - Step 01: Open Aspire website
[2022-03-16 00:33:16,725] Precondition - Step 02: Enter to 'Email' textbox with value = user@aspireapp.com
[2022-03-16 00:33:16,850] Precondition - Step 03: Enter to 'Password' textbox with value = @sp1r3app
[2022-03-16 00:33:16,967] Precondition - Step 04: Click to 'login' button
[2022-03-16 00:33:19,435] Create Product - Step 01: Click to 'Inventory' link
[2022-03-16 00:33:19,737] Create Product - Step 02: Click to 'Products' Menu
[2022-03-16 00:33:20,153] Create Product - Step 03: Click to 'Products' Sub Menu
[2022-03-16 00:33:20,230] Create Product - Step 04: Click to 'Create' button at Products Page
[2022-03-16 00:33:20,953] Create Product - Step 05: Enter to 'Product Name' textbox with value = Fastfood297
[2022-03-16 00:33:22,995] Create Product - Step 06: Click to 'Update Quantity' button
[2022-03-16 00:33:23,090] Create Product - Step 07: Click to 'Create' button at Update Quantity Page
[2022-03-16 00:33:24,258] Create Product - Step 08: Enter to 'Counted Quantity' textbox with value = 50.00
[2022-03-16 00:33:24,492] Create Product - Step 09: Click to 'Save' button at Update Quantity Page
[2022-03-16 00:33:24,568] Create Product - Step 10: Click to Application icon
[2022-03-16 00:33:24,703] Create Manufacturing Order - Step 01: Click to 'Manufacturing' link
[2022-03-16 00:33:24,860] Create Manufacturing Order - Step 02: Click to 'Create' button at Manufacturing order screen
[2022-03-16 00:33:25,914] Create Manufacturing Order - Step 03: Select to 'Product' dropdown with value = Fastfood297
[2022-03-16 00:36:22,126] Precondition - Step 01: Open Aspire website
[2022-03-16 00:36:24,840] Precondition - Step 02: Enter to 'Email' textbox with value = user@aspireapp.com
[2022-03-16 00:36:24,963] Precondition - Step 03: Enter to 'Password' textbox with value = @sp1r3app
[2022-03-16 00:36:25,116] Precondition - Step 04: Click to 'login' button
[2022-03-16 00:36:27,250] Create Product - Step 01: Click to 'Inventory' link
[2022-03-16 00:36:27,541] Create Product - Step 02: Click to 'Products' Menu
[2022-03-16 00:36:27,970] Create Product - Step 03: Click to 'Products' Sub Menu
[2022-03-16 00:36:28,051] Create Product - Step 04: Click to 'Create' button at Products Page
[2022-03-16 00:36:28,724] Create Product - Step 05: Enter to 'Product Name' textbox with value = Fastfood7
[2022-03-16 00:36:30,374] Create Product - Step 06: Click to 'Update Quantity' button
[2022-03-16 00:36:30,462] Create Product - Step 07: Click to 'Create' button at Update Quantity Page
[2022-03-16 00:36:31,622] Create Product - Step 08: Enter to 'Counted Quantity' textbox with value = 50.00
[2022-03-16 00:36:31,857] Create Product - Step 09: Click to 'Save' button at Update Quantity Page
[2022-03-16 00:36:31,931] Create Product - Step 10: Click to Application icon
[2022-03-16 00:36:32,066] Create Manufacturing Order - Step 01: Click to 'Manufacturing' link
[2022-03-16 00:36:32,272] Create Manufacturing Order - Step 02: Click to 'Create' button at Manufacturing order screen
[2022-03-16 00:36:33,357] Create Manufacturing Order - Step 03: Select to 'Product' dropdown with value = Fastfood7
[2022-03-16 00:36:34,865] Create Manufacturing Order - Step 04: Enter to 'Quantity' textbox with value = 50.00
[2022-03-16 00:36:34,976] Create Manufacturing Order - Step 05: Verify 'Draft' button with title = 'Current state' is displayed
[2022-03-16 00:36:35,037]  -------------------------- PASSED -------------------------- 
[2022-03-16 00:36:35,039] Create Manufacturing Order - Step 06: Click to 'Confirm' button
[2022-03-16 00:36:35,115] Create Manufacturing Order - Step 07: Verify 'Confirmed' button with title = 'Current state' is displayed
[2022-03-16 00:39:09,688] Precondition - Step 01: Open Aspire website
[2022-03-16 00:39:12,374] Precondition - Step 02: Enter to 'Email' textbox with value = user@aspireapp.com
[2022-03-16 00:39:12,511] Precondition - Step 03: Enter to 'Password' textbox with value = @sp1r3app
[2022-03-16 00:39:12,625] Precondition - Step 04: Click to 'login' button
[2022-03-16 00:39:14,155] Create Product - Step 01: Click to 'Inventory' link
[2022-03-16 00:39:14,452] Create Product - Step 02: Click to 'Products' Menu
[2022-03-16 00:39:14,834] Create Product - Step 03: Click to 'Products' Sub Menu
[2022-03-16 00:39:14,962] Create Product - Step 04: Click to 'Create' button at Products Page
[2022-03-16 00:39:15,512] Create Product - Step 05: Enter to 'Product Name' textbox with value = Fastfood113
[2022-03-16 00:39:16,928] Create Product - Step 06: Click to 'Update Quantity' button
[2022-03-16 00:39:17,026] Create Product - Step 07: Click to 'Create' button at Update Quantity Page
[2022-03-16 00:39:18,222] Create Product - Step 08: Enter to 'Counted Quantity' textbox with value = 50.00
[2022-03-16 00:39:18,470] Create Product - Step 09: Click to 'Save' button at Update Quantity Page
[2022-03-16 00:39:18,543] Create Product - Step 10: Click to Application icon
[2022-03-16 00:39:18,676] Create Manufacturing Order - Step 01: Click to 'Manufacturing' link
[2022-03-16 00:39:18,869] Create Manufacturing Order - Step 02: Click to 'Create' button at Manufacturing order screen
[2022-03-16 00:39:20,006] Create Manufacturing Order - Step 03: Select to 'Product' dropdown with value = Fastfood113
[2022-03-16 00:39:24,027] Create Manufacturing Order - Step 04: Enter to 'Quantity' textbox with value = 50.00
[2022-03-16 00:39:26,153] Create Manufacturing Order - Step 05: Verify 'Draft' button with title = 'Current state' is displayed
[2022-03-16 00:40:11,873] Precondition - Step 01: Open Aspire website
[2022-03-16 00:40:14,715] Precondition - Step 02: Enter to 'Email' textbox with value = user@aspireapp.com
[2022-03-16 00:40:14,842] Precondition - Step 03: Enter to 'Password' textbox with value = @sp1r3app
[2022-03-16 00:40:14,956] Precondition - Step 04: Click to 'login' button
[2022-03-16 00:40:16,535] Create Product - Step 01: Click to 'Inventory' link
[2022-03-16 00:40:16,845] Create Product - Step 02: Click to 'Products' Menu
[2022-03-16 00:40:17,230] Create Product - Step 03: Click to 'Products' Sub Menu
[2022-03-16 00:40:17,305] Create Product - Step 04: Click to 'Create' button at Products Page
[2022-03-16 00:40:17,827] Create Product - Step 05: Enter to 'Product Name' textbox with value = Fastfood986
[2022-03-16 00:40:19,267] Create Product - Step 06: Click to 'Update Quantity' button
[2022-03-16 00:40:19,375] Create Product - Step 07: Click to 'Create' button at Update Quantity Page
[2022-03-16 00:40:20,556] Create Product - Step 08: Enter to 'Counted Quantity' textbox with value = 50.00
[2022-03-16 00:40:25,803] Create Product - Step 09: Click to 'Save' button at Update Quantity Page
[2022-03-16 00:40:25,952] Create Product - Step 10: Click to Application icon
[2022-03-16 00:40:41,264] Precondition - Step 01: Open Aspire website
[2022-03-16 00:40:44,087] Precondition - Step 02: Enter to 'Email' textbox with value = user@aspireapp.com
[2022-03-16 00:40:44,223] Precondition - Step 03: Enter to 'Password' textbox with value = @sp1r3app
[2022-03-16 00:40:44,353] Precondition - Step 04: Click to 'login' button
[2022-03-16 00:40:46,030] Create Product - Step 01: Click to 'Inventory' link
[2022-03-16 00:40:46,333] Create Product - Step 02: Click to 'Products' Menu
[2022-03-16 00:40:46,738] Create Product - Step 03: Click to 'Products' Sub Menu
[2022-03-16 00:40:46,841] Create Product - Step 04: Click to 'Create' button at Products Page
[2022-03-16 00:40:47,505] Create Product - Step 05: Enter to 'Product Name' textbox with value = Fastfood997
[2022-03-16 00:40:49,486] Create Product - Step 06: Click to 'Update Quantity' button
[2022-03-16 00:40:49,590] Create Product - Step 07: Click to 'Create' button at Update Quantity Page
[2022-03-16 00:40:50,750] Create Product - Step 08: Enter to 'Counted Quantity' textbox with value = 50.00
[2022-03-16 00:40:55,991] Create Product - Step 09: Click to 'Save' button at Update Quantity Page
[2022-03-16 00:41:01,084] Create Product - Step 10: Click to Application icon
[2022-03-16 00:41:28,065] Precondition - Step 01: Open Aspire website
[2022-03-16 00:41:30,590] Precondition - Step 02: Enter to 'Email' textbox with value = user@aspireapp.com
[2022-03-16 00:41:30,711] Precondition - Step 03: Enter to 'Password' textbox with value = @sp1r3app
[2022-03-16 00:41:30,840] Precondition - Step 04: Click to 'login' button
[2022-03-16 00:41:32,782] Create Product - Step 01: Click to 'Inventory' link
[2022-03-16 00:41:33,063] Create Product - Step 02: Click to 'Products' Menu
[2022-03-16 00:41:33,540] Create Product - Step 03: Click to 'Products' Sub Menu
[2022-03-16 00:41:33,613] Create Product - Step 04: Click to 'Create' button at Products Page
[2022-03-16 00:41:34,239] Create Product - Step 05: Enter to 'Product Name' textbox with value = Fastfood664
[2022-03-16 00:41:35,931] Create Product - Step 06: Click to 'Update Quantity' button
[2022-03-16 00:41:36,036] Create Product - Step 07: Click to 'Create' button at Update Quantity Page
[2022-03-16 00:41:37,192] Create Product - Step 08: Enter to 'Counted Quantity' textbox with value = 50.00
[2022-03-16 00:41:42,456] Create Product - Step 09: Click to 'Save' button at Update Quantity Page
[2022-03-16 00:41:47,585] Create Product - Step 10: Click to Application icon
[2022-03-16 00:41:47,808] Create Manufacturing Order - Step 01: Click to 'Manufacturing' link
[2022-03-16 00:41:47,886] Create Manufacturing Order - Step 02: Click to 'Create' button at Manufacturing order screen
[2022-03-16 00:41:50,978] Create Manufacturing Order - Step 03: Select to 'Product' dropdown with value = Fastfood664
[2022-03-16 00:41:54,245] Create Manufacturing Order - Step 04: Enter to 'Quantity' textbox with value = 50.00
[2022-03-16 00:41:56,400] Create Manufacturing Order - Step 05: Verify 'Draft' button with title = 'Current state' is displayed
[2022-03-16 00:42:49,541] Precondition - Step 01: Open Aspire website
[2022-03-16 00:43:05,535] Precondition - Step 01: Open Aspire website
[2022-03-16 00:43:08,174] Precondition - Step 02: Enter to 'Email' textbox with value = user@aspireapp.com
[2022-03-16 00:43:08,316] Precondition - Step 03: Enter to 'Password' textbox with value = @sp1r3app
[2022-03-16 00:43:08,426] Precondition - Step 04: Click to 'login' button
[2022-03-16 00:43:09,995] Create Product - Step 01: Click to 'Inventory' link
[2022-03-16 00:43:10,297] Create Product - Step 02: Click to 'Products' Menu
[2022-03-16 00:43:10,690] Create Product - Step 03: Click to 'Products' Sub Menu
[2022-03-16 00:43:10,760] Create Product - Step 04: Click to 'Create' button at Products Page
[2022-03-16 00:43:11,312] Create Product - Step 05: Enter to 'Product Name' textbox with value = Fastfood419
[2022-03-16 00:43:12,827] Create Product - Step 06: Click to 'Update Quantity' button
[2022-03-16 00:43:12,930] Create Product - Step 07: Click to 'Create' button at Update Quantity Page
[2022-03-16 00:43:14,088] Create Product - Step 08: Enter to 'Counted Quantity' textbox with value = 50.00
[2022-03-16 00:43:16,367] Create Product - Step 09: Click to 'Save' button at Update Quantity Page
[2022-03-16 00:43:18,452] Create Product - Step 10: Click to Application icon
[2022-03-16 00:43:18,594] Create Manufacturing Order - Step 01: Click to 'Manufacturing' link
[2022-03-16 00:43:18,675] Create Manufacturing Order - Step 02: Click to 'Create' button at Manufacturing order screen
[2022-03-16 00:43:21,812] Create Manufacturing Order - Step 03: Select to 'Product' dropdown with value = Fastfood419
[2022-03-16 00:43:28,154] Create Manufacturing Order - Step 04: Enter to 'Quantity' textbox with value = 50.00
[2022-03-16 00:45:36,285] Precondition - Step 01: Open Aspire website
[2022-03-16 00:45:38,956] Precondition - Step 02: Enter to 'Email' textbox with value = user@aspireapp.com
[2022-03-16 00:45:39,092] Precondition - Step 03: Enter to 'Password' textbox with value = @sp1r3app
[2022-03-16 00:45:39,208] Precondition - Step 04: Click to 'login' button
[2022-03-16 00:45:40,768] Create Product - Step 01: Click to 'Inventory' link
[2022-03-16 00:45:41,049] Create Product - Step 02: Click to 'Products' Menu
[2022-03-16 00:45:41,527] Create Product - Step 03: Click to 'Products' Sub Menu
[2022-03-16 00:45:41,604] Create Product - Step 04: Click to 'Create' button at Products Page
[2022-03-16 00:45:42,295] Create Product - Step 05: Enter to 'Product Name' textbox with value = Fastfood804
[2022-03-16 00:45:44,035] Create Product - Step 06: Click to 'Update Quantity' button
[2022-03-16 00:45:44,141] Create Product - Step 07: Click to 'Create' button at Update Quantity Page
[2022-03-16 00:45:45,305] Create Product - Step 08: Enter to 'Counted Quantity' textbox with value = 50.00
[2022-03-16 00:45:47,545] Create Product - Step 09: Click to 'Save' button at Update Quantity Page
[2022-03-16 00:45:49,642] Create Product - Step 10: Click to Application icon
[2022-03-16 00:45:49,784] Create Manufacturing Order - Step 01: Click to 'Manufacturing' link
[2022-03-16 00:45:49,863] Create Manufacturing Order - Step 02: Click to 'Create' button at Manufacturing order screen
[2022-03-16 00:45:53,023] Create Manufacturing Order - Step 03: Select to 'Product' dropdown with value = Fastfood804
[2022-03-16 00:45:59,265] Create Manufacturing Order - Step 04: Enter to 'Quantity' textbox with value = 50.00
[2022-03-16 00:46:04,404] Create Manufacturing Order - Step 05: Verify 'Draft' button with title = 'Current state' is displayed
[2022-03-16 00:47:27,549] Precondition - Step 01: Open Aspire website
[2022-03-16 00:47:30,202] Precondition - Step 02: Enter to 'Email' textbox with value = user@aspireapp.com
[2022-03-16 00:47:30,334] Precondition - Step 03: Enter to 'Password' textbox with value = @sp1r3app
[2022-03-16 00:47:30,446] Precondition - Step 04: Click to 'login' button
[2022-03-16 00:47:32,554] Create Product - Step 01: Click to 'Inventory' link
[2022-03-16 00:47:32,825] Create Product - Step 02: Click to 'Products' Menu
[2022-03-16 00:47:33,286] Create Product - Step 03: Click to 'Products' Sub Menu
[2022-03-16 00:47:33,370] Create Product - Step 04: Click to 'Create' button at Products Page
[2022-03-16 00:47:34,049] Create Product - Step 05: Enter to 'Product Name' textbox with value = Fastfood977
[2022-03-16 00:47:36,029] Create Product - Step 06: Click to 'Update Quantity' button
[2022-03-16 00:47:36,123] Create Product - Step 07: Click to 'Create' button at Update Quantity Page
[2022-03-16 00:47:37,276] Create Product - Step 08: Enter to 'Counted Quantity' textbox with value = 50.00
[2022-03-16 00:47:39,517] Create Product - Step 09: Click to 'Save' button at Update Quantity Page
[2022-03-16 00:47:41,614] Create Product - Step 10: Click to Application icon
[2022-03-16 00:47:41,766] Create Manufacturing Order - Step 01: Click to 'Manufacturing' link
[2022-03-16 00:47:41,838] Create Manufacturing Order - Step 02: Click to 'Create' button at Manufacturing order screen
[2022-03-16 00:47:44,996] Create Manufacturing Order - Step 03: Verify 'Draft' button with title = 'Current state' is displayed
[2022-03-16 00:47:45,097]  -------------------------- PASSED -------------------------- 
[2022-03-16 00:47:45,098] Create Manufacturing Order - Step 04: Select to 'Product' dropdown with value = Fastfood977
[2022-03-16 00:47:51,368] Create Manufacturing Order - Step 05: Enter to 'Quantity' textbox with value = 50.00
[2022-03-16 00:50:04,876] Precondition - Step 01: Open Aspire website
[2022-03-16 00:50:07,720] Precondition - Step 02: Enter to 'Email' textbox with value = user@aspireapp.com
[2022-03-16 00:50:07,852] Precondition - Step 03: Enter to 'Password' textbox with value = @sp1r3app
[2022-03-16 00:50:07,968] Precondition - Step 04: Click to 'login' button
[2022-03-16 00:50:10,083] Create Product - Step 01: Click to 'Inventory' link
[2022-03-16 00:50:10,361] Create Product - Step 02: Click to 'Products' Menu
[2022-03-16 00:50:10,746] Create Product - Step 03: Click to 'Products' Sub Menu
[2022-03-16 00:50:10,823] Create Product - Step 04: Click to 'Create' button at Products Page
[2022-03-16 00:50:11,463] Create Product - Step 05: Enter to 'Product Name' textbox with value = Fastfood238
[2022-03-16 00:50:13,194] Create Product - Step 06: Click to 'Update Quantity' button
[2022-03-16 00:50:13,301] Create Product - Step 07: Click to 'Create' button at Update Quantity Page
[2022-03-16 00:50:14,474] Create Product - Step 08: Enter to 'Counted Quantity' textbox with value = 50.00
[2022-03-16 00:50:14,711] Create Product - Step 09: Click to 'Save' button at Update Quantity Page
[2022-03-16 00:50:14,782] Create Product - Step 10: Click to Application icon
[2022-03-16 00:50:14,912] Create Manufacturing Order - Step 01: Click to 'Manufacturing' link
[2022-03-16 00:50:15,060] Create Manufacturing Order - Step 02: Click to 'Create' button at Manufacturing order screen
[2022-03-16 00:50:18,051] Create Manufacturing Order - Step 03: Verify 'Draft' button with title = 'Current state' is displayed
[2022-03-16 00:50:18,119]  -------------------------- PASSED -------------------------- 
[2022-03-16 00:50:18,120] Create Manufacturing Order - Step 04: Select to 'Product' dropdown with value = Fastfood238
[2022-03-16 00:50:29,347] Create Manufacturing Order - Step 05: Enter to 'Quantity' textbox with value = 50.00
[2022-03-16 00:52:01,865] Precondition - Step 01: Open Aspire website
[2022-03-16 00:52:04,940] Precondition - Step 02: Enter to 'Email' textbox with value = user@aspireapp.com
[2022-03-16 00:52:05,075] Precondition - Step 03: Enter to 'Password' textbox with value = @sp1r3app
[2022-03-16 00:52:05,188] Precondition - Step 04: Click to 'login' button
[2022-03-16 00:52:07,362] Create Product - Step 01: Click to 'Inventory' link
[2022-03-16 00:52:07,658] Create Product - Step 02: Click to 'Products' Menu
[2022-03-16 00:52:08,100] Create Product - Step 03: Click to 'Products' Sub Menu
[2022-03-16 00:52:08,176] Create Product - Step 04: Click to 'Create' button at Products Page
[2022-03-16 00:52:08,866] Create Product - Step 05: Enter to 'Product Name' textbox with value = Fastfood609
[2022-03-16 00:52:10,843] Create Product - Step 06: Click to 'Update Quantity' button
[2022-03-16 00:52:10,934] Create Product - Step 07: Click to 'Create' button at Update Quantity Page
[2022-03-16 00:52:12,094] Create Product - Step 08: Enter to 'Counted Quantity' textbox with value = 50.00
[2022-03-16 00:52:12,348] Create Product - Step 09: Click to 'Save' button at Update Quantity Page
[2022-03-16 00:52:12,419] Create Product - Step 10: Click to Application icon
[2022-03-16 00:52:12,551] Create Manufacturing Order - Step 01: Click to 'Manufacturing' link
[2022-03-16 00:52:12,756] Create Manufacturing Order - Step 02: Click to 'Create' button at Manufacturing order screen
[2022-03-16 00:52:15,890] Create Manufacturing Order - Step 03: Verify 'Draft' button with title = 'Current state' is displayed
[2022-03-16 00:52:15,988]  -------------------------- PASSED -------------------------- 
[2022-03-16 00:52:15,989] Create Manufacturing Order - Step 04: Select to 'Product' dropdown with value = Fastfood609
[2022-03-16 00:52:27,239] Create Manufacturing Order - Step 05: Enter to 'Quantity' textbox with value = 50.00
[2022-03-16 00:52:37,467] Create Manufacturing Order - Step 08: Enter to 'Quantity' textbox with value = 50.00
[2022-03-16 00:53:37,676] Precondition - Step 01: Open Aspire website
[2022-03-16 00:53:40,402] Precondition - Step 02: Enter to 'Email' textbox with value = user@aspireapp.com
[2022-03-16 00:53:40,535] Precondition - Step 03: Enter to 'Password' textbox with value = @sp1r3app
[2022-03-16 00:53:40,650] Precondition - Step 04: Click to 'login' button
[2022-03-16 00:53:43,077] Create Product - Step 01: Click to 'Inventory' link
[2022-03-16 00:53:43,358] Create Product - Step 02: Click to 'Products' Menu
[2022-03-16 00:53:43,849] Create Product - Step 03: Click to 'Products' Sub Menu
[2022-03-16 00:53:43,951] Create Product - Step 04: Click to 'Create' button at Products Page
[2022-03-16 00:53:44,634] Create Product - Step 05: Enter to 'Product Name' textbox with value = Fastfood835
[2022-03-16 00:53:46,706] Create Product - Step 06: Click to 'Update Quantity' button
[2022-03-16 00:53:46,805] Create Product - Step 07: Click to 'Create' button at Update Quantity Page
[2022-03-16 00:53:47,977] Create Product - Step 08: Enter to 'Counted Quantity' textbox with value = 50.00
[2022-03-16 00:53:48,211] Create Product - Step 09: Click to 'Save' button at Update Quantity Page
[2022-03-16 00:53:48,288] Create Product - Step 10: Click to Application icon
[2022-03-16 00:53:48,419] Create Manufacturing Order - Step 01: Click to 'Manufacturing' link
[2022-03-16 00:53:48,626] Create Manufacturing Order - Step 02: Click to 'Create' button at Manufacturing order screen
[2022-03-16 00:53:51,677] Create Manufacturing Order - Step 03: Verify 'Draft' button with title = 'Current state' is displayed
[2022-03-16 00:53:51,754]  -------------------------- PASSED -------------------------- 
[2022-03-16 00:53:51,756] Create Manufacturing Order - Step 04: Select to 'Product' dropdown with value = Fastfood835
[2022-03-16 00:53:55,077] Create Manufacturing Order - Step 05: Enter to 'Quantity' textbox with value = 50.00
[2022-03-16 00:55:16,335] Precondition - Step 01: Open Aspire website
[2022-03-16 00:55:19,198] Precondition - Step 02: Enter to 'Email' textbox with value = user@aspireapp.com
[2022-03-16 00:55:19,327] Precondition - Step 03: Enter to 'Password' textbox with value = @sp1r3app
[2022-03-16 00:55:19,461] Precondition - Step 04: Click to 'login' button
[2022-03-16 00:55:21,769] Create Product - Step 01: Click to 'Inventory' link
[2022-03-16 00:55:22,061] Create Product - Step 02: Click to 'Products' Menu
[2022-03-16 00:55:22,449] Create Product - Step 03: Click to 'Products' Sub Menu
[2022-03-16 00:55:22,525] Create Product - Step 04: Click to 'Create' button at Products Page
[2022-03-16 00:55:23,170] Create Product - Step 05: Enter to 'Product Name' textbox with value = Fastfood219
[2022-03-16 00:55:25,052] Create Product - Step 06: Click to 'Update Quantity' button
[2022-03-16 00:55:25,145] Create Product - Step 07: Click to 'Create' button at Update Quantity Page
[2022-03-16 00:55:26,302] Create Product - Step 08: Enter to 'Counted Quantity' textbox with value = 50.00
[2022-03-16 00:55:26,542] Create Product - Step 09: Click to 'Save' button at Update Quantity Page
[2022-03-16 00:55:26,616] Create Product - Step 10: Click to Application icon
[2022-03-16 00:55:26,749] Create Manufacturing Order - Step 01: Click to 'Manufacturing' link
[2022-03-16 00:55:26,956] Create Manufacturing Order - Step 02: Click to 'Create' button at Manufacturing order screen
[2022-03-16 00:55:30,068] Create Manufacturing Order - Step 03: Verify 'Draft' button with title = 'Current state' is displayed
[2022-03-16 00:55:30,137]  -------------------------- PASSED -------------------------- 
[2022-03-16 00:55:30,138] Create Manufacturing Order - Step 04: Select to 'Product' dropdown with value = Fastfood219
[2022-03-16 00:55:33,365] Create Manufacturing Order - Step 05: Enter to 'Quantity' textbox with value = 50.00
[2022-03-16 00:56:26,643] Precondition - Step 01: Open Aspire website
[2022-03-16 00:56:29,308] Precondition - Step 02: Enter to 'Email' textbox with value = user@aspireapp.com
[2022-03-16 00:56:34,463] Precondition - Step 03: Enter to 'Password' textbox with value = @sp1r3app
[2022-03-16 00:56:39,608] Precondition - Step 04: Click to 'login' button
[2022-03-16 00:56:41,732] Create Product - Step 01: Click to 'Inventory' link
[2022-03-16 00:56:42,014] Create Product - Step 02: Click to 'Products' Menu
[2022-03-16 00:56:42,459] Create Product - Step 03: Click to 'Products' Sub Menu
[2022-03-16 00:56:42,567] Create Product - Step 04: Click to 'Create' button at Products Page
[2022-03-16 00:56:43,233] Create Product - Step 05: Enter to 'Product Name' textbox with value = Fastfood148
[2022-03-16 00:56:49,827] Create Product - Step 06: Click to 'Update Quantity' button
[2022-03-16 00:56:49,979] Create Product - Step 07: Click to 'Create' button at Update Quantity Page
[2022-03-16 00:56:51,193] Create Product - Step 08: Enter to 'Counted Quantity' textbox with value = 50.00
[2022-03-16 00:56:51,478] Create Product - Step 09: Click to 'Save' button at Update Quantity Page
[2022-03-16 00:56:51,553] Create Product - Step 10: Click to Application icon
[2022-03-16 00:56:51,712] Create Manufacturing Order - Step 01: Click to 'Manufacturing' link
[2022-03-16 00:56:51,913] Create Manufacturing Order - Step 02: Click to 'Create' button at Manufacturing order screen
[2022-03-16 00:56:55,022] Create Manufacturing Order - Step 03: Verify 'Draft' button with title = 'Current state' is displayed
[2022-03-16 00:56:55,121]  -------------------------- PASSED -------------------------- 
[2022-03-16 00:56:55,122] Create Manufacturing Order - Step 04: Select to 'Product' dropdown with value = Fastfood148
[2022-03-16 00:57:03,388] Create Manufacturing Order - Step 05: Enter to 'Quantity' textbox with value = 50.00
[2022-03-16 00:57:59,042] Precondition - Step 01: Open Aspire website
[2022-03-16 00:58:01,713] Precondition - Step 02: Enter to 'Email' textbox with value = user@aspireapp.com
[2022-03-16 00:58:03,868] Precondition - Step 03: Enter to 'Password' textbox with value = @sp1r3app
[2022-03-16 00:58:05,986] Precondition - Step 04: Click to 'login' button
[2022-03-16 00:58:07,980] Create Product - Step 01: Click to 'Inventory' link
[2022-03-16 00:58:08,269] Create Product - Step 02: Click to 'Products' Menu
[2022-03-16 00:58:08,745] Create Product - Step 03: Click to 'Products' Sub Menu
[2022-03-16 00:58:08,828] Create Product - Step 04: Click to 'Create' button at Products Page
[2022-03-16 00:58:09,467] Create Product - Step 05: Enter to 'Product Name' textbox with value = Fastfood215
[2022-03-16 00:58:13,185] Create Product - Step 06: Click to 'Update Quantity' button
[2022-03-16 00:58:13,283] Create Product - Step 07: Click to 'Create' button at Update Quantity Page
[2022-03-16 00:58:14,484] Create Product - Step 08: Enter to 'Counted Quantity' textbox with value = 50.00
[2022-03-16 00:58:16,733] Create Product - Step 09: Click to 'Save' button at Update Quantity Page
[2022-03-16 00:58:16,806] Create Product - Step 10: Click to Application icon
[2022-03-16 00:58:16,937] Create Manufacturing Order - Step 01: Click to 'Manufacturing' link
[2022-03-16 00:58:17,167] Create Manufacturing Order - Step 02: Click to 'Create' button at Manufacturing order screen
[2022-03-16 00:58:20,257] Create Manufacturing Order - Step 03: Verify 'Draft' button with title = 'Current state' is displayed
[2022-03-16 00:58:20,354]  -------------------------- PASSED -------------------------- 
[2022-03-16 00:58:20,355] Create Manufacturing Order - Step 04: Select to 'Product' dropdown with value = Fastfood215
[2022-03-16 00:58:25,590] Create Manufacturing Order - Step 05: Enter to 'Quantity' textbox with value = 50.00
[2022-03-16 01:00:05,245] Precondition - Step 01: Open Aspire website
[2022-03-16 01:00:08,102] Precondition - Step 02: Enter to 'Email' textbox with value = user@aspireapp.com
[2022-03-16 01:00:08,239] Precondition - Step 03: Enter to 'Password' textbox with value = @sp1r3app
[2022-03-16 01:00:08,351] Precondition - Step 04: Click to 'login' button
[2022-03-16 01:00:10,555] Create Product - Step 01: Click to 'Inventory' link
[2022-03-16 01:00:10,843] Create Product - Step 02: Click to 'Products' Menu
[2022-03-16 01:00:11,331] Create Product - Step 03: Click to 'Products' Sub Menu
[2022-03-16 01:00:11,404] Create Product - Step 04: Click to 'Create' button at Products Page
[2022-03-16 01:00:12,097] Create Product - Step 05: Enter to 'Product Name' textbox with value = Fastfood844
[2022-03-16 01:00:13,814] Create Product - Step 06: Click to 'Update Quantity' button
[2022-03-16 01:00:13,913] Create Product - Step 07: Click to 'Create' button at Update Quantity Page
[2022-03-16 01:00:15,078] Create Product - Step 08: Enter to 'Counted Quantity' textbox with value = 50.00
[2022-03-16 01:00:15,313] Create Product - Step 09: Click to 'Save' button at Update Quantity Page
[2022-03-16 01:00:15,389] Create Product - Step 10: Click to Application icon
[2022-03-16 01:00:15,516] Create Manufacturing Order - Step 01: Click to 'Manufacturing' link
[2022-03-16 01:00:15,759] Create Manufacturing Order - Step 02: Click to 'Create' button at Manufacturing order screen
[2022-03-16 01:00:18,881] Create Manufacturing Order - Step 03: Verify 'Draft' button with title = 'Current state' is displayed
[2022-03-16 01:00:18,946]  -------------------------- PASSED -------------------------- 
[2022-03-16 01:00:18,948] Create Manufacturing Order - Step 04: Select to 'Product' dropdown with value = Fastfood844
[2022-03-16 01:00:22,171] Create Manufacturing Order - Step 05: Enter to 'Quantity' textbox with value = 50.00
[2022-03-16 01:01:19,902] Precondition - Step 01: Open Aspire website
[2022-03-16 01:01:22,584] Precondition - Step 02: Enter to 'Email' textbox with value = user@aspireapp.com
[2022-03-16 01:01:22,722] Precondition - Step 03: Enter to 'Password' textbox with value = @sp1r3app
[2022-03-16 01:01:22,876] Precondition - Step 04: Click to 'login' button
[2022-03-16 01:01:24,998] Create Product - Step 01: Click to 'Inventory' link
[2022-03-16 01:01:25,288] Create Product - Step 02: Click to 'Products' Menu
[2022-03-16 01:01:25,689] Create Product - Step 03: Click to 'Products' Sub Menu
[2022-03-16 01:01:25,788] Create Product - Step 04: Click to 'Create' button at Products Page
[2022-03-16 01:01:26,360] Create Product - Step 05: Enter to 'Product Name' textbox with value = Fastfood498
[2022-03-16 01:01:28,023] Create Product - Step 06: Click to 'Update Quantity' button
[2022-03-16 01:01:28,125] Create Product - Step 07: Click to 'Create' button at Update Quantity Page
[2022-03-16 01:01:29,296] Create Product - Step 08: Enter to 'Counted Quantity' textbox with value = 50.00
[2022-03-16 01:01:29,561] Create Product - Step 09: Click to 'Save' button at Update Quantity Page
[2022-03-16 01:01:29,635] Create Product - Step 10: Click to Application icon
[2022-03-16 01:01:29,765] Create Manufacturing Order - Step 01: Click to 'Manufacturing' link
[2022-03-16 01:01:29,930] Create Manufacturing Order - Step 02: Click to 'Create' button at Manufacturing order screen
[2022-03-16 01:01:32,923] Create Manufacturing Order - Step 03: Verify 'Draft' button with title = 'Current state' is displayed
[2022-03-16 01:01:32,991]  -------------------------- PASSED -------------------------- 
[2022-03-16 01:01:32,992] Create Manufacturing Order - Step 04: Select to 'Product' dropdown with value = Fastfood498
[2022-03-16 01:01:36,233] Create Manufacturing Order - Step 05: Enter to 'Quantity' textbox with value = 50.00
[2022-03-16 01:33:06,211] Precondition - Step 01: Open Aspire website
[2022-03-16 01:33:09,302] Precondition - Step 02: Enter to 'Email' textbox with value = user@aspireapp.com
[2022-03-16 01:33:09,435] Precondition - Step 03: Enter to 'Password' textbox with value = @sp1r3app
[2022-03-16 01:33:09,549] Precondition - Step 04: Click to 'login' button
[2022-03-16 01:33:11,305] Create Product - Step 01: Click to 'Inventory' link
[2022-03-16 01:33:11,645] Create Product - Step 02: Click to 'Products' Menu
[2022-03-16 01:33:12,025] Create Product - Step 03: Click to 'Products' Sub Menu
[2022-03-16 01:33:12,097] Create Product - Step 04: Click to 'Create' button at Products Page
[2022-03-16 01:33:12,658] Create Product - Step 05: Enter to 'Product Name' textbox with value = Fastfood997
[2022-03-16 01:33:14,078] Create Product - Step 06: Click to 'Update Quantity' button
[2022-03-16 01:33:14,189] Create Product - Step 07: Click to 'Create' button at Update Quantity Page
[2022-03-16 01:33:15,355] Create Product - Step 08: Enter to 'Counted Quantity' textbox with value = 50.00
[2022-03-16 01:33:15,606] Create Product - Step 09: Click to 'Save' button at Update Quantity Page
[2022-03-16 01:33:15,682] Create Product - Step 10: Click to Application icon
[2022-03-16 01:33:15,814] Create Manufacturing Order - Step 01: Click to 'Manufacturing' link
[2022-03-16 01:33:16,070] Create Manufacturing Order - Step 02: Click to 'Create' button at Manufacturing order screen
[2022-03-16 01:33:19,196] Create Manufacturing Order - Step 03: Verify 'Draft' button with title = 'Current state' is displayed
[2022-03-16 01:33:19,263]  -------------------------- PASSED -------------------------- 
[2022-03-16 01:33:19,264] Create Manufacturing Order - Step 04: Select to 'Product' dropdown with value = Fastfood997
[2022-03-16 01:34:16,960] Precondition - Step 01: Open Aspire website
[2022-03-16 01:34:19,561] Precondition - Step 02: Enter to 'Email' textbox with value = user@aspireapp.com
[2022-03-16 01:34:19,689] Precondition - Step 03: Enter to 'Password' textbox with value = @sp1r3app
[2022-03-16 01:34:19,801] Precondition - Step 04: Click to 'login' button
[2022-03-16 01:34:21,517] Create Product - Step 01: Click to 'Inventory' link
[2022-03-16 01:34:21,846] Create Product - Step 02: Click to 'Products' Menu
[2022-03-16 01:34:22,261] Create Product - Step 03: Click to 'Products' Sub Menu
[2022-03-16 01:34:22,353] Create Product - Step 04: Click to 'Create' button at Products Page
[2022-03-16 01:34:22,894] Create Product - Step 05: Enter to 'Product Name' textbox with value = Fastfood791
[2022-03-16 01:34:24,584] Create Product - Step 06: Click to 'Update Quantity' button
[2022-03-16 01:34:24,687] Create Product - Step 07: Click to 'Create' button at Update Quantity Page
[2022-03-16 01:34:25,856] Create Product - Step 08: Enter to 'Counted Quantity' textbox with value = 50.00
[2022-03-16 01:34:26,094] Create Product - Step 09: Click to 'Save' button at Update Quantity Page
[2022-03-16 01:34:26,170] Create Product - Step 10: Click to Application icon
[2022-03-16 01:34:26,312] Create Manufacturing Order - Step 01: Click to 'Manufacturing' link
[2022-03-16 01:34:26,508] Create Manufacturing Order - Step 02: Click to 'Create' button at Manufacturing order screen
[2022-03-16 01:34:29,625] Create Manufacturing Order - Step 03: Verify 'Draft' button with title = 'Current state' is displayed
[2022-03-16 01:34:29,694]  -------------------------- PASSED -------------------------- 
[2022-03-16 01:34:29,695] Create Manufacturing Order - Step 04: Select to 'Product' dropdown with value = Fastfood791
[2022-03-16 01:34:30,944] Create Manufacturing Order - Step 06: Click to 'Confirm' button
[2022-03-16 01:37:23,519] Precondition - Step 01: Open Aspire website
[2022-03-16 01:37:26,115] Precondition - Step 02: Enter to 'Email' textbox with value = user@aspireapp.com
[2022-03-16 01:37:26,248] Precondition - Step 03: Enter to 'Password' textbox with value = @sp1r3app
[2022-03-16 01:37:26,360] Precondition - Step 04: Click to 'login' button
[2022-03-16 01:37:28,468] Create Product - Step 01: Click to 'Inventory' link
[2022-03-16 01:37:28,802] Create Product - Step 02: Click to 'Products' Menu
[2022-03-16 01:37:29,207] Create Product - Step 03: Click to 'Products' Sub Menu
[2022-03-16 01:37:29,286] Create Product - Step 04: Click to 'Create' button at Products Page
[2022-03-16 01:37:29,854] Create Product - Step 05: Enter to 'Product Name' textbox with value = Fastfood927
[2022-03-16 01:37:31,719] Create Product - Step 06: Click to 'Update Quantity' button
[2022-03-16 01:37:31,824] Create Product - Step 07: Click to 'Create' button at Update Quantity Page
[2022-03-16 01:37:32,983] Create Product - Step 08: Enter to 'Counted Quantity' textbox with value = 50.00
[2022-03-16 01:37:33,219] Create Product - Step 09: Click to 'Save' button at Update Quantity Page
[2022-03-16 01:37:33,292] Create Product - Step 10: Click to Application icon
[2022-03-16 01:37:33,427] Create Manufacturing Order - Step 01: Click to 'Manufacturing' link
[2022-03-16 01:37:33,635] Create Manufacturing Order - Step 02: Click to 'Create' button at Manufacturing order screen
[2022-03-16 01:37:34,713] Create Manufacturing Order - Step 03: Verify 'Draft' button with title = 'Current state' is displayed
[2022-03-16 01:37:35,104]  -------------------------- PASSED -------------------------- 
[2022-03-16 01:37:35,106] Create Manufacturing Order - Step 04: Select to 'Product' dropdown with value = Fastfood927
[2022-03-16 01:37:36,328] Create Manufacturing Order - Step 06: Click to 'Confirm' button
[2022-03-16 01:37:36,405] Create Manufacturing Order - Step 07: Verify 'Confirmed' button with title = 'Current state' is displayed
[2022-03-16 01:37:37,419]  -------------------------- PASSED -------------------------- 
[2022-03-16 01:37:37,419] Create Manufacturing Order - Step 08: Enter to 'Quantity' textbox with value = 50.00
[2022-03-16 01:39:06,217] Precondition - Step 01: Open Aspire website
[2022-03-16 01:39:08,953] Precondition - Step 02: Enter to 'Email' textbox with value = user@aspireapp.com
[2022-03-16 01:39:09,087] Precondition - Step 03: Enter to 'Password' textbox with value = @sp1r3app
[2022-03-16 01:39:09,194] Precondition - Step 04: Click to 'login' button
[2022-03-16 01:39:11,299] Create Product - Step 01: Click to 'Inventory' link
[2022-03-16 01:39:11,609] Create Product - Step 02: Click to 'Products' Menu
[2022-03-16 01:39:12,019] Create Product - Step 03: Click to 'Products' Sub Menu
[2022-03-16 01:39:12,125] Create Product - Step 04: Click to 'Create' button at Products Page
[2022-03-16 01:39:12,770] Create Product - Step 05: Enter to 'Product Name' textbox with value = Fastfood813
[2022-03-16 01:39:14,796] Create Product - Step 06: Click to 'Update Quantity' button
[2022-03-16 01:39:14,903] Create Product - Step 07: Click to 'Create' button at Update Quantity Page
[2022-03-16 01:39:16,060] Create Product - Step 08: Enter to 'Counted Quantity' textbox with value = 50.00
[2022-03-16 01:39:16,297] Create Product - Step 09: Click to 'Save' button at Update Quantity Page
[2022-03-16 01:39:16,373] Create Product - Step 10: Click to Application icon
[2022-03-16 01:39:16,510] Create Manufacturing Order - Step 01: Click to 'Manufacturing' link
[2022-03-16 01:39:16,714] Create Manufacturing Order - Step 02: Click to 'Create' button at Manufacturing order screen
[2022-03-16 01:39:17,726] Create Manufacturing Order - Step 03: Verify 'Draft' button with title = 'Current state' is displayed
[2022-03-16 01:39:18,101]  -------------------------- PASSED -------------------------- 
[2022-03-16 01:39:18,103] Create Manufacturing Order - Step 04: Select to 'Product' dropdown with value = Fastfood813
[2022-03-16 01:39:19,344] Create Manufacturing Order - Step 06: Click to 'Confirm' button
[2022-03-16 01:39:19,426] Create Manufacturing Order - Step 07: Verify 'Confirmed' button with title = 'Current state' is displayed
[2022-03-16 01:39:20,854]  -------------------------- PASSED -------------------------- 
[2022-03-16 01:39:20,854] Create Manufacturing Order - Step 09: Click to 'Mark as done' button
[2022-03-16 01:39:22,937] Create Manufacturing Order - Step 10: Accept 'Confirmation' Alert 
[2022-03-16 01:40:51,901] Precondition - Step 01: Open Aspire website
[2022-03-16 01:40:54,472] Precondition - Step 02: Enter to 'Email' textbox with value = user@aspireapp.com
[2022-03-16 01:40:54,607] Precondition - Step 03: Enter to 'Password' textbox with value = @sp1r3app
[2022-03-16 01:40:54,718] Precondition - Step 04: Click to 'login' button
[2022-03-16 01:40:56,470] Create Product - Step 01: Click to 'Inventory' link
[2022-03-16 01:40:56,774] Create Product - Step 02: Click to 'Products' Menu
[2022-03-16 01:40:57,233] Create Product - Step 03: Click to 'Products' Sub Menu
[2022-03-16 01:40:57,342] Create Product - Step 04: Click to 'Create' button at Products Page
[2022-03-16 01:40:58,001] Create Product - Step 05: Enter to 'Product Name' textbox with value = Fastfood788
[2022-03-16 01:40:59,584] Create Product - Step 06: Click to 'Update Quantity' button
[2022-03-16 01:40:59,689] Create Product - Step 07: Click to 'Create' button at Update Quantity Page
[2022-03-16 01:41:00,845] Create Product - Step 08: Enter to 'Counted Quantity' textbox with value = 50.00
[2022-03-16 01:41:01,080] Create Product - Step 09: Click to 'Save' button at Update Quantity Page
[2022-03-16 01:41:01,153] Create Product - Step 10: Click to Application icon
[2022-03-16 01:41:01,288] Create Manufacturing Order - Step 01: Click to 'Manufacturing' link
[2022-03-16 01:41:01,511] Create Manufacturing Order - Step 02: Click to 'Create' button at Manufacturing order screen
[2022-03-16 01:41:02,633] Create Manufacturing Order - Step 03: Verify 'Draft' button with title = 'Current state' is displayed
[2022-03-16 01:41:02,980]  -------------------------- PASSED -------------------------- 
[2022-03-16 01:41:02,982] Create Manufacturing Order - Step 04: Select to 'Product' dropdown with value = Fastfood788
[2022-03-16 01:41:04,202] Create Manufacturing Order - Step 06: Click to 'Confirm' button
[2022-03-16 01:41:04,280] Create Manufacturing Order - Step 07: Verify 'Confirmed' button with title = 'Current state' is displayed
[2022-03-16 01:41:05,259]  -------------------------- PASSED -------------------------- 
[2022-03-16 01:41:05,259] Create Manufacturing Order - Step 09: Click to 'Mark as done' button
[2022-03-16 01:41:15,342] Create Manufacturing Order - Step 11: Verify 'Done' button with title = 'Current state' is displayed
[2022-03-16 01:41:15,409]  -------------------------- PASSED -------------------------- 
[2022-03-16 01:41:15,409] Create Manufacturing Order - Step 12: Click to 'Save' button
[2022-03-16 01:41:17,593] Create Manufacturing Order - Step 13: Get Value of 'Manufacturing Order' text
[2022-03-16 01:41:17,666] Create Manufacturing Order - Step 14: Click to 'Manufacturing' link
[2022-03-16 01:41:17,741] Create Manufacturing Order - Step 15: Click to 'Remove' icon of Manufacturing Orders Search
[2022-03-16 01:44:12,477] Precondition - Step 01: Open Aspire website
[2022-03-16 01:44:15,462] Precondition - Step 02: Enter to 'Email' textbox with value = user@aspireapp.com
[2022-03-16 01:44:15,591] Precondition - Step 03: Enter to 'Password' textbox with value = @sp1r3app
[2022-03-16 01:44:15,705] Precondition - Step 04: Click to 'login' button
[2022-03-16 01:44:17,867] Create Product - Step 01: Click to 'Inventory' link
[2022-03-16 01:44:18,162] Create Product - Step 02: Click to 'Products' Menu
[2022-03-16 01:44:18,578] Create Product - Step 03: Click to 'Products' Sub Menu
[2022-03-16 01:44:18,651] Create Product - Step 04: Click to 'Create' button at Products Page
[2022-03-16 01:44:19,295] Create Product - Step 05: Enter to 'Product Name' textbox with value = Fastfood345
[2022-03-16 01:44:21,220] Create Product - Step 06: Click to 'Update Quantity' button
[2022-03-16 01:44:21,322] Create Product - Step 07: Click to 'Create' button at Update Quantity Page
[2022-03-16 01:44:22,493] Create Product - Step 08: Enter to 'Counted Quantity' textbox with value = 50.00
[2022-03-16 01:44:22,730] Create Product - Step 09: Click to 'Save' button at Update Quantity Page
[2022-03-16 01:44:22,803] Create Product - Step 10: Click to Application icon
[2022-03-16 01:44:22,937] Create Manufacturing Order - Step 01: Click to 'Manufacturing' link
[2022-03-16 01:44:23,273] Create Manufacturing Order - Step 02: Click to 'Create' button at Manufacturing order screen
[2022-03-16 01:44:24,407] Create Manufacturing Order - Step 03: Verify 'Draft' button with title = 'Current state' is displayed
[2022-03-16 01:44:24,751]  -------------------------- PASSED -------------------------- 
[2022-03-16 01:44:24,752] Create Manufacturing Order - Step 04: Select to 'Product' dropdown with value = Fastfood345
[2022-03-16 01:44:25,977] Create Manufacturing Order - Step 06: Click to 'Confirm' button
[2022-03-16 01:44:26,055] Create Manufacturing Order - Step 07: Verify 'Confirmed' button with title = 'Current state' is displayed
[2022-03-16 01:44:26,988]  -------------------------- PASSED -------------------------- 
[2022-03-16 01:44:26,988] Create Manufacturing Order - Step 09: Click to 'Mark as done' button
[2022-03-16 01:44:37,088] Create Manufacturing Order - Step 11: Verify 'Done' button with title = 'Current state' is displayed
[2022-03-16 01:44:37,155]  -------------------------- PASSED -------------------------- 
[2022-03-16 01:44:37,155] Create Manufacturing Order - Step 12: Click to 'Save' button
[2022-03-16 01:44:39,311] Create Manufacturing Order - Step 13: Get Value of 'Manufacturing Order' text
[2022-03-16 01:44:39,367] Create Manufacturing Order - Step 14: Click to 'Manufacturing' link
[2022-03-16 01:44:39,495] Create Manufacturing Order - Step 15: Click to 'Remove' icon of Manufacturing Orders Search
[2022-03-16 01:44:40,027] Create Manufacturing Order - Step 16: Enter to 'Search' textbox with value = WH/MO/02680
[2022-03-16 01:44:40,150] Create Manufacturing Order - Step 17: Verify new manufacturing order is create with corectted information
[2022-03-16 01:53:26,467] Precondition - Step 01: Open Aspire website
[2022-03-16 01:53:29,001] Precondition - Step 02: Enter to 'Email' textbox with value = user@aspireapp.com
[2022-03-16 01:53:29,128] Precondition - Step 03: Enter to 'Password' textbox with value = @sp1r3app
[2022-03-16 01:53:29,241] Precondition - Step 04: Click to 'login' button
[2022-03-16 01:53:30,834] Create Product - Step 01: Click to 'Inventory' link
[2022-03-16 01:53:31,113] Create Product - Step 02: Click to 'Products' Menu
[2022-03-16 01:53:31,579] Create Product - Step 03: Click to 'Products' Sub Menu
[2022-03-16 01:53:31,696] Create Product - Step 04: Click to 'Create' button at Products Page
[2022-03-16 01:53:32,360] Create Product - Step 05: Enter to 'Product Name' textbox with value = Fastfood119
[2022-03-16 01:53:33,828] Create Product - Step 06: Click to 'Update Quantity' button
[2022-03-16 01:53:33,920] Create Product - Step 07: Click to 'Create' button at Update Quantity Page
[2022-03-16 01:53:35,076] Create Product - Step 08: Enter to 'Counted Quantity' textbox with value = 50.00
[2022-03-16 01:53:35,364] Create Product - Step 09: Click to 'Save' button at Update Quantity Page
[2022-03-16 01:53:35,434] Create Product - Step 10: Click to Application icon
[2022-03-16 01:53:35,567] Create Manufacturing Order - Step 01: Click to 'Manufacturing' link
[2022-03-16 01:53:35,775] Create Manufacturing Order - Step 02: Click to 'Create' button at Manufacturing order screen
[2022-03-16 01:53:36,851] Create Manufacturing Order - Step 03: Verify 'Draft' button with title = 'Current state' is displayed
[2022-03-16 01:53:37,225]  -------------------------- PASSED -------------------------- 
[2022-03-16 01:53:37,226] Create Manufacturing Order - Step 04: Select to 'Product' dropdown with value = Fastfood119
[2022-03-16 01:53:38,449] Create Manufacturing Order - Step 05: Click to 'Confirm' button
[2022-03-16 01:53:38,525] Create Manufacturing Order - Step 06: Verify 'Confirmed' button with title = 'Current state' is displayed
[2022-03-16 01:53:39,481]  -------------------------- PASSED -------------------------- 
[2022-03-16 01:53:39,481] Create Manufacturing Order - Step 07: Click to 'Mark as done' button
[2022-03-16 01:53:39,557] Create Manufacturing Order - Step 08: Click to 'OK' at 'Confirmation' Popup 
[2022-03-16 01:53:39,713] Create Manufacturing Order - Step 09: Click to 'Apply' button at 'Confirmation' Popup 
[2022-03-16 01:53:40,037] Create Manufacturing Order - Step 10: Verify 'Done' button with title = 'Current state' is displayed
[2022-03-16 01:53:40,740]  -------------------------- PASSED -------------------------- 
[2022-03-16 01:53:40,740] Create Manufacturing Order - Step 11: Click to 'Save' button
[2022-03-16 01:53:40,880] Create Manufacturing Order - Step 12: Get Value of 'Manufacturing Order' text
[2022-03-16 01:53:40,943] Create Manufacturing Order - Step 13: Click to 'Manufacturing' link
[2022-03-16 01:53:41,047] Create Manufacturing Order - Step 14: Click to 'Remove' icon of Manufacturing Orders Search
[2022-03-16 01:53:41,612] Create Manufacturing Order - Step 15: Enter to 'Search' textbox with value = WH/MO/02682
[2022-03-16 01:53:42,013] Create Manufacturing Order - Step 16: Verify new manufacturing order is create with corectted information
[2022-03-16 01:59:55,987] Precondition - Step 01: Open Aspire website
[2022-03-16 01:59:59,485] Precondition - Step 02: Enter to 'Email' textbox with value = user@aspireapp.com
[2022-03-16 01:59:59,610] Precondition - Step 03: Enter to 'Password' textbox with value = @sp1r3app
[2022-03-16 01:59:59,740] Precondition - Step 04: Click to 'login' button
[2022-03-16 02:00:01,774] Create Product - Step 01: Click to 'Inventory' link
[2022-03-16 02:00:02,067] Create Product - Step 02: Click to 'Products' Menu
[2022-03-16 02:00:02,507] Create Product - Step 03: Click to 'Products' Sub Menu
[2022-03-16 02:00:02,585] Create Product - Step 04: Click to 'Create' button at Products Page
[2022-03-16 02:00:03,204] Create Product - Step 05: Enter to 'Product Name' textbox with value = Fastfood212
[2022-03-16 02:00:04,702] Create Product - Step 06: Click to 'Update Quantity' button
[2022-03-16 02:00:04,815] Create Product - Step 07: Click to 'Create' button at Update Quantity Page
[2022-03-16 02:00:05,992] Create Product - Step 08: Enter to 'Counted Quantity' textbox with value = 50.00
[2022-03-16 02:00:06,226] Create Product - Step 09: Click to 'Save' button at Update Quantity Page
[2022-03-16 02:00:06,303] Create Product - Step 10: Click to Application icon
[2022-03-16 02:00:06,441] Create Manufacturing Order - Step 01: Click to 'Manufacturing' link
[2022-03-16 02:00:06,656] Create Manufacturing Order - Step 02: Click to 'Create' button at Manufacturing order screen
[2022-03-16 02:00:07,733] Create Manufacturing Order - Step 03: Verify 'Draft' button with title = 'Current state' is displayed
[2022-03-16 02:00:08,092]  -------------------------- PASSED -------------------------- 
[2022-03-16 02:00:08,093] Create Manufacturing Order - Step 04: Select to 'Product' dropdown with value = Fastfood212
[2022-03-16 02:00:09,317] Create Manufacturing Order - Step 05: Click to 'Confirm' button
[2022-03-16 02:00:09,394] Create Manufacturing Order - Step 06: Verify 'Confirmed' button with title = 'Current state' is displayed
[2022-03-16 02:00:10,367]  -------------------------- PASSED -------------------------- 
[2022-03-16 02:00:10,367] Create Manufacturing Order - Step 07: Click to 'Mark as done' button
[2022-03-16 02:00:10,444] Create Manufacturing Order - Step 08: Click to 'OK' at 'Confirmation' Popup 
[2022-03-16 02:00:10,600] Create Manufacturing Order - Step 09: Click to 'Apply' button at 'Confirmation' Popup 
[2022-03-16 02:00:10,994] Create Manufacturing Order - Step 10: Verify 'Done' button with title = 'Current state' is displayed
[2022-03-16 02:00:11,704]  -------------------------- PASSED -------------------------- 
[2022-03-16 02:00:11,704] Create Manufacturing Order - Step 11: Click to 'Save' button
[2022-03-16 02:00:11,815] Create Manufacturing Order - Step 12: Get Value of 'Manufacturing Order' text
[2022-03-16 02:00:11,878] Create Manufacturing Order - Step 13: Click to 'Manufacturing' link
[2022-03-16 02:00:11,966] Create Manufacturing Order - Step 14: Click to 'Remove' icon of Manufacturing Orders Search
[2022-03-16 02:00:12,471] Create Manufacturing Order - Step 15: Enter to 'Search' textbox with value = WH/MO/02683
[2022-03-16 02:00:13,036] Create Manufacturing Order - Step 16: Verify new manufacturing order is create with corectted information
[2022-03-16 02:00:13,127]  -------------------------- PASSED -------------------------- 
[2022-03-16 10:53:00,113] Precondition - Step 01: Open Aspire website
[2022-03-16 10:53:27,202] Precondition - Step 02: Enter to 'Email' textbox with value = user@aspireapp.com
[2022-03-16 10:53:27,345] Precondition - Step 03: Enter to 'Password' textbox with value = @sp1r3app
[2022-03-16 10:53:27,450] Precondition - Step 04: Click to 'login' button
[2022-03-16 10:53:29,129] Create Product - Step 01: Click to 'Inventory' link
[2022-03-16 10:53:29,471] Create Product - Step 02: Click to 'Products' Menu
[2022-03-16 10:53:30,058] Create Product - Step 03: Click to 'Products' Sub Menu
[2022-03-16 10:53:30,131] Create Product - Step 04: Click to 'Create' button at Products Page
[2022-03-16 10:53:31,003] Create Product - Step 05: Enter to 'Product Name' textbox with value = Fastfood3
[2022-03-16 10:53:32,527] Create Product - Step 06: Click to 'Update Quantity' button
[2022-03-16 10:53:32,629] Create Product - Step 07: Click to 'Create' button at Update Quantity Page
[2022-03-16 10:53:33,770] Create Product - Step 08: Enter to 'Counted Quantity' textbox with value = 50.00
[2022-03-16 10:53:34,019] Create Product - Step 09: Click to 'Save' button at Update Quantity Page
[2022-03-16 10:53:34,111] Create Product - Step 10: Click to Application icon
[2022-03-16 10:53:34,304] Create Manufacturing Order - Step 01: Click to 'Manufacturing' link
[2022-03-16 10:53:34,492] Create Manufacturing Order - Step 02: Click to 'Create' button at Manufacturing order screen
[2022-03-16 10:53:35,760] Create Manufacturing Order - Step 03: Verify 'Draft' button with title = 'Current state' is displayed
[2022-03-16 10:53:36,111]  -------------------------- PASSED -------------------------- 
[2022-03-16 10:53:36,113] Create Manufacturing Order - Step 04: Select to 'Product' dropdown with value = Fastfood3
[2022-03-16 10:53:37,322] Create Manufacturing Order - Step 05: Click to 'Confirm' button
[2022-03-16 10:53:37,394] Create Manufacturing Order - Step 06: Verify 'Confirmed' button with title = 'Current state' is displayed
[2022-03-16 10:53:38,388]  -------------------------- PASSED -------------------------- 
[2022-03-16 10:53:38,388] Create Manufacturing Order - Step 07: Click to 'Mark as done' button
[2022-03-16 10:53:38,463] Create Manufacturing Order - Step 08: Click to 'OK' at 'Confirmation' Popup 
[2022-03-16 10:53:38,604] Create Manufacturing Order - Step 09: Click to 'Apply' button at 'Confirmation' Popup 
[2022-03-16 10:53:38,956] Create Manufacturing Order - Step 10: Verify 'Done' button with title = 'Current state' is displayed
[2022-03-16 10:53:39,661]  -------------------------- PASSED -------------------------- 
[2022-03-16 10:53:39,662] Create Manufacturing Order - Step 11: Click to 'Save' button
[2022-03-16 10:53:39,788] Create Manufacturing Order - Step 12: Get Value of 'Manufacturing Order' text
[2022-03-16 10:53:39,913] Create Manufacturing Order - Step 13: Click to 'Manufacturing' link
[2022-03-16 10:53:40,001] Create Manufacturing Order - Step 14: Click to 'Remove' icon of Manufacturing Orders Search
[2022-03-16 10:53:40,671] Create Manufacturing Order - Step 15: Enter to 'Search' textbox with value = WH/MO/02684
[2022-03-16 10:53:41,326] Create Manufacturing Order - Step 16: Verify new manufacturing order is create with corectted information
[2022-03-16 10:53:41,394]  -------------------------- PASSED -------------------------- 
[2022-03-16 10:57:41,025] Precondition - Step 01: Open Aspire website
[2022-03-16 10:58:04,957] Precondition - Step 02: Enter to 'Email' textbox with value = user@aspireapp.com
[2022-03-16 10:58:05,190] Precondition - Step 03: Enter to 'Password' textbox with value = @sp1r3app
[2022-03-16 10:58:05,381] Precondition - Step 04: Click to 'login' button
[2022-03-16 10:58:06,773] Create Product - Step 01: Click to 'Inventory' link
[2022-03-16 10:58:07,117] Create Product - Step 02: Click to 'Products' Menu
[2022-03-16 10:58:07,553] Create Product - Step 03: Click to 'Products' Sub Menu
[2022-03-16 10:58:07,623] Create Product - Step 04: Click to 'Create' button at Products Page
[2022-03-16 10:58:08,249] Create Product - Step 05: Enter to 'Product Name' textbox with value = Fastfood764
[2022-03-16 10:58:09,595] Create Product - Step 06: Click to 'Update Quantity' button
[2022-03-16 10:58:09,714] Create Product - Step 07: Click to 'Create' button at Update Quantity Page
[2022-03-16 10:58:10,854] Create Product - Step 08: Enter to 'Counted Quantity' textbox with value = 50.00
[2022-03-16 10:58:11,110] Create Product - Step 09: Click to 'Save' button at Update Quantity Page
[2022-03-16 10:58:11,201] Create Product - Step 10: Click to Application icon
[2022-03-16 10:58:11,395] Create Manufacturing Order - Step 01: Click to 'Manufacturing' link
[2022-03-16 10:58:11,533] Create Manufacturing Order - Step 02: Click to 'Create' button at Manufacturing order screen
[2022-03-16 10:58:12,751] Create Manufacturing Order - Step 03: Verify 'Draft' button with title = 'Current state' is displayed
[2022-03-16 10:58:13,096]  -------------------------- PASSED -------------------------- 
[2022-03-16 10:58:13,099] Create Manufacturing Order - Step 04: Select to 'Product' dropdown with value = Fastfood764
[2022-03-16 10:58:14,317] Create Manufacturing Order - Step 05: Click to 'Confirm' button
[2022-03-16 10:58:14,391] Create Manufacturing Order - Step 06: Verify 'Confirmed' button with title = 'Current state' is displayed
[2022-03-16 10:58:15,203]  -------------------------- PASSED -------------------------- 
[2022-03-16 10:58:15,203] Create Manufacturing Order - Step 07: Click to 'Mark as done' button
[2022-03-16 10:58:15,277] Create Manufacturing Order - Step 08: Click to 'OK' at 'Confirmation' Popup 
[2022-03-16 10:58:15,415] Create Manufacturing Order - Step 09: Click to 'Apply' button at 'Confirmation' Popup 
[2022-03-16 10:58:15,766] Create Manufacturing Order - Step 10: Verify 'Done' button with title = 'Current state' is displayed
[2022-03-16 10:58:16,429]  -------------------------- PASSED -------------------------- 
[2022-03-16 10:58:16,429] Create Manufacturing Order - Step 11: Click to 'Save' button
[2022-03-16 10:58:16,558] Create Manufacturing Order - Step 12: Get Value of 'Manufacturing Order' text
[2022-03-16 10:58:16,671] Create Manufacturing Order - Step 13: Click to 'Manufacturing' link
[2022-03-16 10:58:16,750] Create Manufacturing Order - Step 14: Click to 'Remove' icon of Manufacturing Orders Search
[2022-03-16 10:58:17,433] Create Manufacturing Order - Step 15: Enter to 'Search' textbox with value = WH/MO/02685
[2022-03-16 10:58:18,132] Create Manufacturing Order - Step 16: Verify new manufacturing order is create with corectted information
[2022-03-16 10:58:18,198]  -------------------------- PASSED -------------------------- 
[2022-03-16 10:59:16,644] Precondition - Step 01: Open Aspire website
[2022-03-16 10:59:40,641] Precondition - Step 02: Enter to 'Email' textbox with value = user@aspireapp.com
[2022-03-16 10:59:40,804] Precondition - Step 03: Enter to 'Password' textbox with value = @sp1r3app
[2022-03-16 10:59:40,951] Precondition - Step 04: Click to 'login' button
[2022-03-16 10:59:42,463] Create Product - Step 01: Click to 'Inventory' link
[2022-03-16 10:59:42,776] Create Product - Step 02: Click to 'Products' Menu
[2022-03-16 10:59:43,201] Create Product - Step 03: Click to 'Products' Sub Menu
[2022-03-16 10:59:43,275] Create Product - Step 04: Click to 'Create' button at Products Page
[2022-03-16 10:59:44,005] Create Product - Step 05: Enter to 'Product Name' textbox with value = Fastfood606
[2022-03-16 10:59:45,586] Create Product - Step 06: Click to 'Update Quantity' button
[2022-03-16 10:59:45,707] Create Product - Step 07: Click to 'Create' button at Update Quantity Page
[2022-03-16 10:59:46,857] Create Product - Step 08: Enter to 'Counted Quantity' textbox with value = 50.00
[2022-03-16 10:59:47,110] Create Product - Step 09: Click to 'Save' button at Update Quantity Page
[2022-03-16 10:59:47,201] Create Product - Step 10: Click to Application icon
[2022-03-16 10:59:47,386] Create Manufacturing Order - Step 01: Click to 'Manufacturing' link
[2022-03-16 10:59:47,523] Create Manufacturing Order - Step 02: Click to 'Create' button at Manufacturing order screen
[2022-03-16 10:59:48,752] Create Manufacturing Order - Step 03: Verify 'Draft' button with title = 'Current state' is displayed
[2022-03-16 10:59:49,120]  -------------------------- PASSED -------------------------- 
[2022-03-16 10:59:49,122] Create Manufacturing Order - Step 04: Select to 'Product' dropdown with value = Fastfood606
[2022-03-16 10:59:50,351] Create Manufacturing Order - Step 05: Click to 'Confirm' button
[2022-03-16 10:59:50,433] Create Manufacturing Order - Step 06: Verify 'Confirmed' button with title = 'Current state' is displayed
[2022-03-16 10:59:51,233]  -------------------------- PASSED -------------------------- 
[2022-03-16 10:59:51,233] Create Manufacturing Order - Step 07: Click to 'Mark as done' button
[2022-03-16 10:59:51,302] Create Manufacturing Order - Step 08: Click to 'OK' at 'Confirmation' Popup 
[2022-03-16 10:59:51,435] Create Manufacturing Order - Step 09: Click to 'Apply' button at 'Confirmation' Popup 
[2022-03-16 10:59:51,757] Create Manufacturing Order - Step 10: Verify 'Done' button with title = 'Current state' is displayed
[2022-03-16 10:59:52,435]  -------------------------- PASSED -------------------------- 
[2022-03-16 10:59:52,435] Create Manufacturing Order - Step 11: Click to 'Save' button
[2022-03-16 10:59:52,555] Create Manufacturing Order - Step 12: Get Value of 'Manufacturing Order' text
[2022-03-16 10:59:52,682] Create Manufacturing Order - Step 13: Click to 'Manufacturing' link
[2022-03-16 10:59:52,756] Create Manufacturing Order - Step 14: Click to 'Remove' icon of Manufacturing Orders Search
[2022-03-16 10:59:53,437] Create Manufacturing Order - Step 15: Enter to 'Search' textbox with value = WH/MO/02686
[2022-03-16 10:59:54,212] Create Manufacturing Order - Step 16: Verify new manufacturing order is create with corectted information
[2022-03-16 10:59:54,897]  -------------------------- PASSED -------------------------- 
[2022-03-16 11:00:50,633] Precondition - Step 01: Open Aspire website
[2022-03-16 11:01:14,746] Precondition - Step 02: Enter to 'Email' textbox with value = user@aspireapp.com
[2022-03-16 11:01:14,930] Precondition - Step 03: Enter to 'Password' textbox with value = @sp1r3app
[2022-03-16 11:01:15,102] Precondition - Step 04: Click to 'login' button
[2022-03-16 11:01:15,776] Create Product - Step 01: Click to 'Inventory' link
[2022-03-16 11:01:30,974] Create Manufacturing Order - Step 01: Click to 'Manufacturing' link
[2022-03-16 11:01:48,472] Precondition - Step 01: Open Aspire website
[2022-03-16 11:02:12,470] Precondition - Step 02: Enter to 'Email' textbox with value = user@aspireapp.com
[2022-03-16 11:02:12,628] Precondition - Step 03: Enter to 'Password' textbox with value = @sp1r3app
[2022-03-16 11:02:12,797] Precondition - Step 04: Click to 'login' button
[2022-03-16 11:02:14,377] Create Product - Step 01: Click to 'Inventory' link
[2022-03-16 11:02:14,717] Create Product - Step 02: Click to 'Products' Menu
[2022-03-16 11:02:15,179] Create Product - Step 03: Click to 'Products' Sub Menu
[2022-03-16 11:02:15,268] Create Product - Step 04: Click to 'Create' button at Products Page
[2022-03-16 11:02:15,941] Create Product - Step 05: Enter to 'Product Name' textbox with value = Fastfood357
[2022-03-16 11:02:17,322] Create Product - Step 06: Click to 'Update Quantity' button
[2022-03-16 11:02:17,432] Create Product - Step 07: Click to 'Create' button at Update Quantity Page
[2022-03-16 11:02:18,563] Create Product - Step 08: Enter to 'Counted Quantity' textbox with value = 50.00
[2022-03-16 11:02:18,818] Create Product - Step 09: Click to 'Save' button at Update Quantity Page
[2022-03-16 11:02:18,905] Create Product - Step 10: Click to Application icon
[2022-03-16 11:02:19,118] Create Manufacturing Order - Step 01: Click to 'Manufacturing' link
[2022-03-16 11:02:19,265] Create Manufacturing Order - Step 02: Click to 'Create' button at Manufacturing order screen
[2022-03-16 11:02:20,466] Create Manufacturing Order - Step 03: Verify 'Draft' button with title = 'Current state' is displayed
[2022-03-16 11:02:20,843]  -------------------------- PASSED -------------------------- 
[2022-03-16 11:02:20,845] Create Manufacturing Order - Step 04: Select to 'Product' dropdown with value = Fastfood357
[2022-03-16 11:02:22,079] Create Manufacturing Order - Step 05: Click to 'Confirm' button
[2022-03-16 11:02:22,168] Create Manufacturing Order - Step 06: Verify 'Confirmed' button with title = 'Current state' is displayed
[2022-03-16 11:02:23,115]  -------------------------- PASSED -------------------------- 
[2022-03-16 11:02:23,115] Create Manufacturing Order - Step 07: Click to 'Mark as done' button
[2022-03-16 11:02:23,190] Create Manufacturing Order - Step 08: Click to 'OK' at 'Confirmation' Popup 
[2022-03-16 11:02:23,317] Create Manufacturing Order - Step 09: Click to 'Apply' button at 'Confirmation' Popup 
[2022-03-16 11:02:23,620] Create Manufacturing Order - Step 10: Verify 'Done' button with title = 'Current state' is displayed
[2022-03-16 11:02:24,332]  -------------------------- PASSED -------------------------- 
[2022-03-16 11:02:24,332] Create Manufacturing Order - Step 11: Click to 'Save' button
[2022-03-16 11:02:24,454] Create Manufacturing Order - Step 12: Get Value of 'Manufacturing Order' text
[2022-03-16 11:02:24,532] Create Manufacturing Order - Step 13: Click to 'Manufacturing' link
[2022-03-16 11:02:24,641] Create Manufacturing Order - Step 14: Click to 'Remove' icon of Manufacturing Orders Search
[2022-03-16 11:02:25,313] Create Manufacturing Order - Step 15: Enter to 'Search' textbox with value = WH/MO/02687
[2022-03-16 11:02:26,016] Create Manufacturing Order - Step 16: Verify new manufacturing order is create with corectted information
[2022-03-16 11:02:26,099]  -------------------------- PASSED -------------------------- 
